13   [XML-RPC-0] ERROR org.apache.xmlrpc.server.XmlRpcErrorLogger - Failed to invoke method execute in class com.nantic.jasperreports.JasperServer: net.sf.jasperreports.engine.JRException: Error opening input stream from file : /tmp/tmp4lorTL
org.apache.xmlrpc.common.XmlRpcInvocationException: Failed to invoke method execute in class com.nantic.jasperreports.JasperServer: net.sf.jasperreports.engine.JRException: Error opening input stream from file : /tmp/tmp4lorTL
	at org.apache.xmlrpc.server.ReflectiveXmlRpcHandler.invoke(ReflectiveXmlRpcHandler.java:129)
	at org.apache.xmlrpc.server.ReflectiveXmlRpcHandler.execute(ReflectiveXmlRpcHandler.java:106)
	at org.apache.xmlrpc.server.XmlRpcServerWorker.execute(XmlRpcServerWorker.java:46)
	at org.apache.xmlrpc.server.XmlRpcServer.execute(XmlRpcServer.java:86)
	at org.apache.xmlrpc.server.XmlRpcStreamServer.execute(XmlRpcStreamServer.java:200)
	at org.apache.xmlrpc.webserver.Connection.run(Connection.java:208)
	at org.apache.xmlrpc.util.ThreadPool$Poolable$1.run(ThreadPool.java:68)
Caused by: net.sf.jasperreports.engine.JRRuntimeException: net.sf.jasperreports.engine.JRException: Error opening input stream from file : /tmp/tmp4lorTL
	at net.sf.jasperreports.repo.DefaultRepositoryService.getInputStream(DefaultRepositoryService.java:149)
	at net.sf.jasperreports.repo.InputStreamPersistenceService.load(InputStreamPersistenceService.java:48)
	at net.sf.jasperreports.repo.DefaultRepositoryService.getResource(DefaultRepositoryService.java:187)
	at net.sf.jasperreports.repo.RepositoryUtil.findInputStream(RepositoryUtil.java:304)
	at net.sf.jasperreports.repo.RepositoryUtil.getInputStreamFromLocation(RepositoryUtil.java:275)
	at net.sf.jasperreports.engine.data.JRXmlDataSource.<init>(JRXmlDataSource.java:318)
	at net.sf.jasperreports.engine.data.JRXmlDataSource.<init>(JRXmlDataSource.java:337)
	at net.sf.jasperreports.engine.data.JRXmlDataSource.<init>(JRXmlDataSource.java:332)
	at com.nantic.jasperreports.JasperServer.privateExecute(JasperServer.java:225)
	at com.nantic.jasperreports.JasperServer.execute(JasperServer.java:126)
	at sun.reflect.NativeMethodAccessorImpl.invoke0(Native Method)
	at sun.reflect.NativeMethodAccessorImpl.invoke(NativeMethodAccessorImpl.java:57)
	at sun.reflect.DelegatingMethodAccessorImpl.invoke(DelegatingMethodAccessorImpl.java:43)
	at java.lang.reflect.Method.invoke(Method.java:606)
	at org.apache.xmlrpc.server.ReflectiveXmlRpcHandler.invoke(ReflectiveXmlRpcHandler.java:115)
	... 6 more
Caused by: net.sf.jasperreports.engine.JRException: Error opening input stream from file : /tmp/tmp4lorTL
	at net.sf.jasperreports.engine.util.JRLoader.getInputStream(JRLoader.java:328)
	at net.sf.jasperreports.repo.DefaultRepositoryService.getInputStream(DefaultRepositoryService.java:138)
	... 20 more
Caused by: java.io.FileNotFoundException: /tmp/tmp4lorTL (Permission denied)
	at java.io.FileInputStream.open(Native Method)
	at java.io.FileInputStream.<init>(FileInputStream.java:146)
	at net.sf.jasperreports.engine.util.JRLoader.getInputStream(JRLoader.java:324)
	... 21 more
Caused by:
net.sf.jasperreports.engine.JRRuntimeException: net.sf.jasperreports.engine.JRException: Error opening input stream from file : /tmp/tmp4lorTL
	at net.sf.jasperreports.repo.DefaultRepositoryService.getInputStream(DefaultRepositoryService.java:149)
	at net.sf.jasperreports.repo.InputStreamPersistenceService.load(InputStreamPersistenceService.java:48)
	at net.sf.jasperreports.repo.DefaultRepositoryService.getResource(DefaultRepositoryService.java:187)
	at net.sf.jasperreports.repo.RepositoryUtil.findInputStream(RepositoryUtil.java:304)
	at net.sf.jasperreports.repo.RepositoryUtil.getInputStreamFromLocation(RepositoryUtil.java:275)
	at net.sf.jasperreports.engine.data.JRXmlDataSource.<init>(JRXmlDataSource.java:318)
	at net.sf.jasperreports.engine.data.JRXmlDataSource.<init>(JRXmlDataSource.java:337)
	at net.sf.jasperreports.engine.data.JRXmlDataSource.<init>(JRXmlDataSource.java:332)
	at com.nantic.jasperreports.JasperServer.privateExecute(JasperServer.java:225)
	at com.nantic.jasperreports.JasperServer.execute(JasperServer.java:126)
	at sun.reflect.NativeMethodAccessorImpl.invoke0(Native Method)
	at sun.reflect.NativeMethodAccessorImpl.invoke(NativeMethodAccessorImpl.java:57)
	at sun.reflect.DelegatingMethodAccessorImpl.invoke(DelegatingMethodAccessorImpl.java:43)
	at java.lang.reflect.Method.invoke(Method.java:606)
	at org.apache.xmlrpc.server.ReflectiveXmlRpcHandler.invoke(ReflectiveXmlRpcHandler.java:115)
	at org.apache.xmlrpc.server.ReflectiveXmlRpcHandler.execute(ReflectiveXmlRpcHandler.java:106)
	at org.apache.xmlrpc.server.XmlRpcServerWorker.execute(XmlRpcServerWorker.java:46)
	at org.apache.xmlrpc.server.XmlRpcServer.execute(XmlRpcServer.java:86)
	at org.apache.xmlrpc.server.XmlRpcStreamServer.execute(XmlRpcStreamServer.java:200)
	at org.apache.xmlrpc.webserver.Connection.run(Connection.java:208)
	at org.apache.xmlrpc.util.ThreadPool$Poolable$1.run(ThreadPool.java:68)
Caused by: net.sf.jasperreports.engine.JRException: Error opening input stream from file : /tmp/tmp4lorTL
	at net.sf.jasperreports.engine.util.JRLoader.getInputStream(JRLoader.java:328)
	at net.sf.jasperreports.repo.DefaultRepositoryService.getInputStream(DefaultRepositoryService.java:138)
	... 20 more
Caused by: java.io.FileNotFoundException: /tmp/tmp4lorTL (Permission denied)
	at java.io.FileInputStream.open(Native Method)
	at java.io.FileInputStream.<init>(FileInputStream.java:146)
	at net.sf.jasperreports.engine.util.JRLoader.getInputStream(JRLoader.java:324)
	... 21 more
113313 [XML-RPC-0] ERROR org.apache.xmlrpc.server.XmlRpcErrorLogger - Failed to invoke method execute in class com.nantic.jasperreports.JasperServer: net.sf.jasperreports.engine.JRException: Error opening input stream from file : /tmp/tmpZtVJRu
org.apache.xmlrpc.common.XmlRpcInvocationException: Failed to invoke method execute in class com.nantic.jasperreports.JasperServer: net.sf.jasperreports.engine.JRException: Error opening input stream from file : /tmp/tmpZtVJRu
	at org.apache.xmlrpc.server.ReflectiveXmlRpcHandler.invoke(ReflectiveXmlRpcHandler.java:129)
	at org.apache.xmlrpc.server.ReflectiveXmlRpcHandler.execute(ReflectiveXmlRpcHandler.java:106)
	at org.apache.xmlrpc.server.XmlRpcServerWorker.execute(XmlRpcServerWorker.java:46)
	at org.apache.xmlrpc.server.XmlRpcServer.execute(XmlRpcServer.java:86)
	at org.apache.xmlrpc.server.XmlRpcStreamServer.execute(XmlRpcStreamServer.java:200)
	at org.apache.xmlrpc.webserver.Connection.run(Connection.java:208)
	at org.apache.xmlrpc.util.ThreadPool$Poolable$1.run(ThreadPool.java:68)
Caused by: net.sf.jasperreports.engine.JRRuntimeException: net.sf.jasperreports.engine.JRException: Error opening input stream from file : /tmp/tmpZtVJRu
	at net.sf.jasperreports.repo.DefaultRepositoryService.getInputStream(DefaultRepositoryService.java:149)
	at net.sf.jasperreports.repo.InputStreamPersistenceService.load(InputStreamPersistenceService.java:48)
	at net.sf.jasperreports.repo.DefaultRepositoryService.getResource(DefaultRepositoryService.java:187)
	at net.sf.jasperreports.repo.RepositoryUtil.findInputStream(RepositoryUtil.java:304)
	at net.sf.jasperreports.repo.RepositoryUtil.getInputStreamFromLocation(RepositoryUtil.java:275)
	at net.sf.jasperreports.engine.data.JRXmlDataSource.<init>(JRXmlDataSource.java:318)
	at net.sf.jasperreports.engine.data.JRXmlDataSource.<init>(JRXmlDataSource.java:337)
	at net.sf.jasperreports.engine.data.JRXmlDataSource.<init>(JRXmlDataSource.java:332)
	at com.nantic.jasperreports.JasperServer.privateExecute(JasperServer.java:225)
	at com.nantic.jasperreports.JasperServer.execute(JasperServer.java:126)
	at sun.reflect.NativeMethodAccessorImpl.invoke0(Native Method)
	at sun.reflect.NativeMethodAccessorImpl.invoke(NativeMethodAccessorImpl.java:57)
	at sun.reflect.DelegatingMethodAccessorImpl.invoke(DelegatingMethodAccessorImpl.java:43)
	at java.lang.reflect.Method.invoke(Method.java:606)
	at org.apache.xmlrpc.server.ReflectiveXmlRpcHandler.invoke(ReflectiveXmlRpcHandler.java:115)
	... 6 more
Caused by: net.sf.jasperreports.engine.JRException: Error opening input stream from file : /tmp/tmpZtVJRu
	at net.sf.jasperreports.engine.util.JRLoader.getInputStream(JRLoader.java:328)
	at net.sf.jasperreports.repo.DefaultRepositoryService.getInputStream(DefaultRepositoryService.java:138)
	... 20 more
Caused by: java.io.FileNotFoundException: /tmp/tmpZtVJRu (Permission denied)
	at java.io.FileInputStream.open(Native Method)
	at java.io.FileInputStream.<init>(FileInputStream.java:146)
	at net.sf.jasperreports.engine.util.JRLoader.getInputStream(JRLoader.java:324)
	... 21 more
Caused by:
net.sf.jasperreports.engine.JRRuntimeException: net.sf.jasperreports.engine.JRException: Error opening input stream from file : /tmp/tmpZtVJRu
	at net.sf.jasperreports.repo.DefaultRepositoryService.getInputStream(DefaultRepositoryService.java:149)
	at net.sf.jasperreports.repo.InputStreamPersistenceService.load(InputStreamPersistenceService.java:48)
	at net.sf.jasperreports.repo.DefaultRepositoryService.getResource(DefaultRepositoryService.java:187)
	at net.sf.jasperreports.repo.RepositoryUtil.findInputStream(RepositoryUtil.java:304)
	at net.sf.jasperreports.repo.RepositoryUtil.getInputStreamFromLocation(RepositoryUtil.java:275)
	at net.sf.jasperreports.engine.data.JRXmlDataSource.<init>(JRXmlDataSource.java:318)
	at net.sf.jasperreports.engine.data.JRXmlDataSource.<init>(JRXmlDataSource.java:337)
	at net.sf.jasperreports.engine.data.JRXmlDataSource.<init>(JRXmlDataSource.java:332)
	at com.nantic.jasperreports.JasperServer.privateExecute(JasperServer.java:225)
	at com.nantic.jasperreports.JasperServer.execute(JasperServer.java:126)
	at sun.reflect.NativeMethodAccessorImpl.invoke0(Native Method)
	at sun.reflect.NativeMethodAccessorImpl.invoke(NativeMethodAccessorImpl.java:57)
	at sun.reflect.DelegatingMethodAccessorImpl.invoke(DelegatingMethodAccessorImpl.java:43)
	at java.lang.reflect.Method.invoke(Method.java:606)
	at org.apache.xmlrpc.server.ReflectiveXmlRpcHandler.invoke(ReflectiveXmlRpcHandler.java:115)
	at org.apache.xmlrpc.server.ReflectiveXmlRpcHandler.execute(ReflectiveXmlRpcHandler.java:106)
	at org.apache.xmlrpc.server.XmlRpcServerWorker.execute(XmlRpcServerWorker.java:46)
	at org.apache.xmlrpc.server.XmlRpcServer.execute(XmlRpcServer.java:86)
	at org.apache.xmlrpc.server.XmlRpcStreamServer.execute(XmlRpcStreamServer.java:200)
	at org.apache.xmlrpc.webserver.Connection.run(Connection.java:208)
	at org.apache.xmlrpc.util.ThreadPool$Poolable$1.run(ThreadPool.java:68)
Caused by: net.sf.jasperreports.engine.JRException: Error opening input stream from file : /tmp/tmpZtVJRu
	at net.sf.jasperreports.engine.util.JRLoader.getInputStream(JRLoader.java:328)
	at net.sf.jasperreports.repo.DefaultRepositoryService.getInputStream(DefaultRepositoryService.java:138)
	... 20 more
Caused by: java.io.FileNotFoundException: /tmp/tmpZtVJRu (Permission denied)
	at java.io.FileInputStream.open(Native Method)
	at java.io.FileInputStream.<init>(FileInputStream.java:146)
	at net.sf.jasperreports.engine.util.JRLoader.getInputStream(JRLoader.java:324)
	... 21 more
400792 [XML-RPC-0] ERROR org.apache.xmlrpc.server.XmlRpcErrorLogger - Failed to invoke method execute in class com.nantic.jasperreports.JasperServer: net.sf.jasperreports.engine.JRException: Error opening input stream from file : /tmp/tmpD7YZG3
org.apache.xmlrpc.common.XmlRpcInvocationException: Failed to invoke method execute in class com.nantic.jasperreports.JasperServer: net.sf.jasperreports.engine.JRException: Error opening input stream from file : /tmp/tmpD7YZG3
	at org.apache.xmlrpc.server.ReflectiveXmlRpcHandler.invoke(ReflectiveXmlRpcHandler.java:129)
	at org.apache.xmlrpc.server.ReflectiveXmlRpcHandler.execute(ReflectiveXmlRpcHandler.java:106)
	at org.apache.xmlrpc.server.XmlRpcServerWorker.execute(XmlRpcServerWorker.java:46)
	at org.apache.xmlrpc.server.XmlRpcServer.execute(XmlRpcServer.java:86)
	at org.apache.xmlrpc.server.XmlRpcStreamServer.execute(XmlRpcStreamServer.java:200)
	at org.apache.xmlrpc.webserver.Connection.run(Connection.java:208)
	at org.apache.xmlrpc.util.ThreadPool$Poolable$1.run(ThreadPool.java:68)
Caused by: net.sf.jasperreports.engine.JRRuntimeException: net.sf.jasperreports.engine.JRException: Error opening input stream from file : /tmp/tmpD7YZG3
	at net.sf.jasperreports.repo.DefaultRepositoryService.getInputStream(DefaultRepositoryService.java:149)
	at net.sf.jasperreports.repo.InputStreamPersistenceService.load(InputStreamPersistenceService.java:48)
	at net.sf.jasperreports.repo.DefaultRepositoryService.getResource(DefaultRepositoryService.java:187)
	at net.sf.jasperreports.repo.RepositoryUtil.findInputStream(RepositoryUtil.java:304)
	at net.sf.jasperreports.repo.RepositoryUtil.getInputStreamFromLocation(RepositoryUtil.java:275)
	at net.sf.jasperreports.engine.data.JRXmlDataSource.<init>(JRXmlDataSource.java:318)
	at net.sf.jasperreports.engine.data.JRXmlDataSource.<init>(JRXmlDataSource.java:337)
	at net.sf.jasperreports.engine.data.JRXmlDataSource.<init>(JRXmlDataSource.java:332)
	at com.nantic.jasperreports.JasperServer.privateExecute(JasperServer.java:225)
	at com.nantic.jasperreports.JasperServer.execute(JasperServer.java:126)
	at sun.reflect.NativeMethodAccessorImpl.invoke0(Native Method)
	at sun.reflect.NativeMethodAccessorImpl.invoke(NativeMethodAccessorImpl.java:57)
	at sun.reflect.DelegatingMethodAccessorImpl.invoke(DelegatingMethodAccessorImpl.java:43)
	at java.lang.reflect.Method.invoke(Method.java:606)
	at org.apache.xmlrpc.server.ReflectiveXmlRpcHandler.invoke(ReflectiveXmlRpcHandler.java:115)
	... 6 more
Caused by: net.sf.jasperreports.engine.JRException: Error opening input stream from file : /tmp/tmpD7YZG3
	at net.sf.jasperreports.engine.util.JRLoader.getInputStream(JRLoader.java:328)
	at net.sf.jasperreports.repo.DefaultRepositoryService.getInputStream(DefaultRepositoryService.java:138)
	... 20 more
Caused by: java.io.FileNotFoundException: /tmp/tmpD7YZG3 (Permission denied)
	at java.io.FileInputStream.open(Native Method)
	at java.io.FileInputStream.<init>(FileInputStream.java:146)
	at net.sf.jasperreports.engine.util.JRLoader.getInputStream(JRLoader.java:324)
	... 21 more
Caused by:
net.sf.jasperreports.engine.JRRuntimeException: net.sf.jasperreports.engine.JRException: Error opening input stream from file : /tmp/tmpD7YZG3
	at net.sf.jasperreports.repo.DefaultRepositoryService.getInputStream(DefaultRepositoryService.java:149)
	at net.sf.jasperreports.repo.InputStreamPersistenceService.load(InputStreamPersistenceService.java:48)
	at net.sf.jasperreports.repo.DefaultRepositoryService.getResource(DefaultRepositoryService.java:187)
	at net.sf.jasperreports.repo.RepositoryUtil.findInputStream(RepositoryUtil.java:304)
	at net.sf.jasperreports.repo.RepositoryUtil.getInputStreamFromLocation(RepositoryUtil.java:275)
	at net.sf.jasperreports.engine.data.JRXmlDataSource.<init>(JRXmlDataSource.java:318)
	at net.sf.jasperreports.engine.data.JRXmlDataSource.<init>(JRXmlDataSource.java:337)
	at net.sf.jasperreports.engine.data.JRXmlDataSource.<init>(JRXmlDataSource.java:332)
	at com.nantic.jasperreports.JasperServer.privateExecute(JasperServer.java:225)
	at com.nantic.jasperreports.JasperServer.execute(JasperServer.java:126)
	at sun.reflect.NativeMethodAccessorImpl.invoke0(Native Method)
	at sun.reflect.NativeMethodAccessorImpl.invoke(NativeMethodAccessorImpl.java:57)
	at sun.reflect.DelegatingMethodAccessorImpl.invoke(DelegatingMethodAccessorImpl.java:43)
	at java.lang.reflect.Method.invoke(Method.java:606)
	at org.apache.xmlrpc.server.ReflectiveXmlRpcHandler.invoke(ReflectiveXmlRpcHandler.java:115)
	at org.apache.xmlrpc.server.ReflectiveXmlRpcHandler.execute(ReflectiveXmlRpcHandler.java:106)
	at org.apache.xmlrpc.server.XmlRpcServerWorker.execute(XmlRpcServerWorker.java:46)
	at org.apache.xmlrpc.server.XmlRpcServer.execute(XmlRpcServer.java:86)
	at org.apache.xmlrpc.server.XmlRpcStreamServer.execute(XmlRpcStreamServer.java:200)
	at org.apache.xmlrpc.webserver.Connection.run(Connection.java:208)
	at org.apache.xmlrpc.util.ThreadPool$Poolable$1.run(ThreadPool.java:68)
Caused by: net.sf.jasperreports.engine.JRException: Error opening input stream from file : /tmp/tmpD7YZG3
	at net.sf.jasperreports.engine.util.JRLoader.getInputStream(JRLoader.java:328)
	at net.sf.jasperreports.repo.DefaultRepositoryService.getInputStream(DefaultRepositoryService.java:138)
	... 20 more
Caused by: java.io.FileNotFoundException: /tmp/tmpD7YZG3 (Permission denied)
	at java.io.FileInputStream.open(Native Method)
	at java.io.FileInputStream.<init>(FileInputStream.java:146)
	at net.sf.jasperreports.engine.util.JRLoader.getInputStream(JRLoader.java:324)
	... 21 more
790010 [XML-RPC-0] ERROR org.apache.xmlrpc.server.XmlRpcErrorLogger - Failed to invoke method execute in class com.nantic.jasperreports.JasperServer: net.sf.jasperreports.engine.JRException: Error opening input stream from file : /tmp/tmp4vTNCU
org.apache.xmlrpc.common.XmlRpcInvocationException: Failed to invoke method execute in class com.nantic.jasperreports.JasperServer: net.sf.jasperreports.engine.JRException: Error opening input stream from file : /tmp/tmp4vTNCU
	at org.apache.xmlrpc.server.ReflectiveXmlRpcHandler.invoke(ReflectiveXmlRpcHandler.java:129)
	at org.apache.xmlrpc.server.ReflectiveXmlRpcHandler.execute(ReflectiveXmlRpcHandler.java:106)
	at org.apache.xmlrpc.server.XmlRpcServerWorker.execute(XmlRpcServerWorker.java:46)
	at org.apache.xmlrpc.server.XmlRpcServer.execute(XmlRpcServer.java:86)
	at org.apache.xmlrpc.server.XmlRpcStreamServer.execute(XmlRpcStreamServer.java:200)
	at org.apache.xmlrpc.webserver.Connection.run(Connection.java:208)
	at org.apache.xmlrpc.util.ThreadPool$Poolable$1.run(ThreadPool.java:68)
Caused by: net.sf.jasperreports.engine.JRRuntimeException: net.sf.jasperreports.engine.JRException: Error opening input stream from file : /tmp/tmp4vTNCU
	at net.sf.jasperreports.repo.DefaultRepositoryService.getInputStream(DefaultRepositoryService.java:149)
	at net.sf.jasperreports.repo.InputStreamPersistenceService.load(InputStreamPersistenceService.java:48)
	at net.sf.jasperreports.repo.DefaultRepositoryService.getResource(DefaultRepositoryService.java:187)
	at net.sf.jasperreports.repo.RepositoryUtil.findInputStream(RepositoryUtil.java:304)
	at net.sf.jasperreports.repo.RepositoryUtil.getInputStreamFromLocation(RepositoryUtil.java:275)
	at net.sf.jasperreports.engine.data.JRXmlDataSource.<init>(JRXmlDataSource.java:318)
	at net.sf.jasperreports.engine.data.JRXmlDataSource.<init>(JRXmlDataSource.java:337)
	at net.sf.jasperreports.engine.data.JRXmlDataSource.<init>(JRXmlDataSource.java:332)
	at com.nantic.jasperreports.JasperServer.privateExecute(JasperServer.java:225)
	at com.nantic.jasperreports.JasperServer.execute(JasperServer.java:126)
	at sun.reflect.NativeMethodAccessorImpl.invoke0(Native Method)
	at sun.reflect.NativeMethodAccessorImpl.invoke(NativeMethodAccessorImpl.java:57)
	at sun.reflect.DelegatingMethodAccessorImpl.invoke(DelegatingMethodAccessorImpl.java:43)
	at java.lang.reflect.Method.invoke(Method.java:606)
	at org.apache.xmlrpc.server.ReflectiveXmlRpcHandler.invoke(ReflectiveXmlRpcHandler.java:115)
	... 6 more
Caused by: net.sf.jasperreports.engine.JRException: Error opening input stream from file : /tmp/tmp4vTNCU
	at net.sf.jasperreports.engine.util.JRLoader.getInputStream(JRLoader.java:328)
	at net.sf.jasperreports.repo.DefaultRepositoryService.getInputStream(DefaultRepositoryService.java:138)
	... 20 more
Caused by: java.io.FileNotFoundException: /tmp/tmp4vTNCU (Permission denied)
	at java.io.FileInputStream.open(Native Method)
	at java.io.FileInputStream.<init>(FileInputStream.java:146)
	at net.sf.jasperreports.engine.util.JRLoader.getInputStream(JRLoader.java:324)
	... 21 more
Caused by:
net.sf.jasperreports.engine.JRRuntimeException: net.sf.jasperreports.engine.JRException: Error opening input stream from file : /tmp/tmp4vTNCU
	at net.sf.jasperreports.repo.DefaultRepositoryService.getInputStream(DefaultRepositoryService.java:149)
	at net.sf.jasperreports.repo.InputStreamPersistenceService.load(InputStreamPersistenceService.java:48)
	at net.sf.jasperreports.repo.DefaultRepositoryService.getResource(DefaultRepositoryService.java:187)
	at net.sf.jasperreports.repo.RepositoryUtil.findInputStream(RepositoryUtil.java:304)
	at net.sf.jasperreports.repo.RepositoryUtil.getInputStreamFromLocation(RepositoryUtil.java:275)
	at net.sf.jasperreports.engine.data.JRXmlDataSource.<init>(JRXmlDataSource.java:318)
	at net.sf.jasperreports.engine.data.JRXmlDataSource.<init>(JRXmlDataSource.java:337)
	at net.sf.jasperreports.engine.data.JRXmlDataSource.<init>(JRXmlDataSource.java:332)
	at com.nantic.jasperreports.JasperServer.privateExecute(JasperServer.java:225)
	at com.nantic.jasperreports.JasperServer.execute(JasperServer.java:126)
	at sun.reflect.NativeMethodAccessorImpl.invoke0(Native Method)
	at sun.reflect.NativeMethodAccessorImpl.invoke(NativeMethodAccessorImpl.java:57)
	at sun.reflect.DelegatingMethodAccessorImpl.invoke(DelegatingMethodAccessorImpl.java:43)
	at java.lang.reflect.Method.invoke(Method.java:606)
	at org.apache.xmlrpc.server.ReflectiveXmlRpcHandler.invoke(ReflectiveXmlRpcHandler.java:115)
	at org.apache.xmlrpc.server.ReflectiveXmlRpcHandler.execute(ReflectiveXmlRpcHandler.java:106)
	at org.apache.xmlrpc.server.XmlRpcServerWorker.execute(XmlRpcServerWorker.java:46)
	at org.apache.xmlrpc.server.XmlRpcServer.execute(XmlRpcServer.java:86)
	at org.apache.xmlrpc.server.XmlRpcStreamServer.execute(XmlRpcStreamServer.java:200)
	at org.apache.xmlrpc.webserver.Connection.run(Connection.java:208)
	at org.apache.xmlrpc.util.ThreadPool$Poolable$1.run(ThreadPool.java:68)
Caused by: net.sf.jasperreports.engine.JRException: Error opening input stream from file : /tmp/tmp4vTNCU
	at net.sf.jasperreports.engine.util.JRLoader.getInputStream(JRLoader.java:328)
	at net.sf.jasperreports.repo.DefaultRepositoryService.getInputStream(DefaultRepositoryService.java:138)
	... 20 more
Caused by: java.io.FileNotFoundException: /tmp/tmp4vTNCU (Permission denied)
	at java.io.FileInputStream.open(Native Method)
	at java.io.FileInputStream.<init>(FileInputStream.java:146)
	at net.sf.jasperreports.engine.util.JRLoader.getInputStream(JRLoader.java:324)
	... 21 more
2835578 [XML-RPC-0] ERROR org.apache.xmlrpc.server.XmlRpcErrorLogger - Failed to invoke method execute in class com.nantic.jasperreports.JasperServer: net.sf.jasperreports.engine.JRException: Error opening input stream from file : /tmp/tmpjHZSLj
org.apache.xmlrpc.common.XmlRpcInvocationException: Failed to invoke method execute in class com.nantic.jasperreports.JasperServer: net.sf.jasperreports.engine.JRException: Error opening input stream from file : /tmp/tmpjHZSLj
	at org.apache.xmlrpc.server.ReflectiveXmlRpcHandler.invoke(ReflectiveXmlRpcHandler.java:129)
	at org.apache.xmlrpc.server.ReflectiveXmlRpcHandler.execute(ReflectiveXmlRpcHandler.java:106)
	at org.apache.xmlrpc.server.XmlRpcServerWorker.execute(XmlRpcServerWorker.java:46)
	at org.apache.xmlrpc.server.XmlRpcServer.execute(XmlRpcServer.java:86)
	at org.apache.xmlrpc.server.XmlRpcStreamServer.execute(XmlRpcStreamServer.java:200)
	at org.apache.xmlrpc.webserver.Connection.run(Connection.java:208)
	at org.apache.xmlrpc.util.ThreadPool$Poolable$1.run(ThreadPool.java:68)
Caused by: net.sf.jasperreports.engine.JRRuntimeException: net.sf.jasperreports.engine.JRException: Error opening input stream from file : /tmp/tmpjHZSLj
	at net.sf.jasperreports.repo.DefaultRepositoryService.getInputStream(DefaultRepositoryService.java:149)
	at net.sf.jasperreports.repo.InputStreamPersistenceService.load(InputStreamPersistenceService.java:48)
	at net.sf.jasperreports.repo.DefaultRepositoryService.getResource(DefaultRepositoryService.java:187)
	at net.sf.jasperreports.repo.RepositoryUtil.findInputStream(RepositoryUtil.java:304)
	at net.sf.jasperreports.repo.RepositoryUtil.getInputStreamFromLocation(RepositoryUtil.java:275)
	at net.sf.jasperreports.engine.data.JRXmlDataSource.<init>(JRXmlDataSource.java:318)
	at net.sf.jasperreports.engine.data.JRXmlDataSource.<init>(JRXmlDataSource.java:337)
	at net.sf.jasperreports.engine.data.JRXmlDataSource.<init>(JRXmlDataSource.java:332)
	at com.nantic.jasperreports.JasperServer.privateExecute(JasperServer.java:225)
	at com.nantic.jasperreports.JasperServer.execute(JasperServer.java:126)
	at sun.reflect.NativeMethodAccessorImpl.invoke0(Native Method)
	at sun.reflect.NativeMethodAccessorImpl.invoke(NativeMethodAccessorImpl.java:57)
	at sun.reflect.DelegatingMethodAccessorImpl.invoke(DelegatingMethodAccessorImpl.java:43)
	at java.lang.reflect.Method.invoke(Method.java:606)
	at org.apache.xmlrpc.server.ReflectiveXmlRpcHandler.invoke(ReflectiveXmlRpcHandler.java:115)
	... 6 more
Caused by: net.sf.jasperreports.engine.JRException: Error opening input stream from file : /tmp/tmpjHZSLj
	at net.sf.jasperreports.engine.util.JRLoader.getInputStream(JRLoader.java:328)
	at net.sf.jasperreports.repo.DefaultRepositoryService.getInputStream(DefaultRepositoryService.java:138)
	... 20 more
Caused by: java.io.FileNotFoundException: /tmp/tmpjHZSLj (Permission denied)
	at java.io.FileInputStream.open(Native Method)
	at java.io.FileInputStream.<init>(FileInputStream.java:146)
	at net.sf.jasperreports.engine.util.JRLoader.getInputStream(JRLoader.java:324)
	... 21 more
Caused by:
net.sf.jasperreports.engine.JRRuntimeException: net.sf.jasperreports.engine.JRException: Error opening input stream from file : /tmp/tmpjHZSLj
	at net.sf.jasperreports.repo.DefaultRepositoryService.getInputStream(DefaultRepositoryService.java:149)
	at net.sf.jasperreports.repo.InputStreamPersistenceService.load(InputStreamPersistenceService.java:48)
	at net.sf.jasperreports.repo.DefaultRepositoryService.getResource(DefaultRepositoryService.java:187)
	at net.sf.jasperreports.repo.RepositoryUtil.findInputStream(RepositoryUtil.java:304)
	at net.sf.jasperreports.repo.RepositoryUtil.getInputStreamFromLocation(RepositoryUtil.java:275)
	at net.sf.jasperreports.engine.data.JRXmlDataSource.<init>(JRXmlDataSource.java:318)
	at net.sf.jasperreports.engine.data.JRXmlDataSource.<init>(JRXmlDataSource.java:337)
	at net.sf.jasperreports.engine.data.JRXmlDataSource.<init>(JRXmlDataSource.java:332)
	at com.nantic.jasperreports.JasperServer.privateExecute(JasperServer.java:225)
	at com.nantic.jasperreports.JasperServer.execute(JasperServer.java:126)
	at sun.reflect.NativeMethodAccessorImpl.invoke0(Native Method)
	at sun.reflect.NativeMethodAccessorImpl.invoke(NativeMethodAccessorImpl.java:57)
	at sun.reflect.DelegatingMethodAccessorImpl.invoke(DelegatingMethodAccessorImpl.java:43)
	at java.lang.reflect.Method.invoke(Method.java:606)
	at org.apache.xmlrpc.server.ReflectiveXmlRpcHandler.invoke(ReflectiveXmlRpcHandler.java:115)
	at org.apache.xmlrpc.server.ReflectiveXmlRpcHandler.execute(ReflectiveXmlRpcHandler.java:106)
	at org.apache.xmlrpc.server.XmlRpcServerWorker.execute(XmlRpcServerWorker.java:46)
	at org.apache.xmlrpc.server.XmlRpcServer.execute(XmlRpcServer.java:86)
	at org.apache.xmlrpc.server.XmlRpcStreamServer.execute(XmlRpcStreamServer.java:200)
	at org.apache.xmlrpc.webserver.Connection.run(Connection.java:208)
	at org.apache.xmlrpc.util.ThreadPool$Poolable$1.run(ThreadPool.java:68)
Caused by: net.sf.jasperreports.engine.JRException: Error opening input stream from file : /tmp/tmpjHZSLj
	at net.sf.jasperreports.engine.util.JRLoader.getInputStream(JRLoader.java:328)
	at net.sf.jasperreports.repo.DefaultRepositoryService.getInputStream(DefaultRepositoryService.java:138)
	... 20 more
Caused by: java.io.FileNotFoundException: /tmp/tmpjHZSLj (Permission denied)
	at java.io.FileInputStream.open(Native Method)
	at java.io.FileInputStream.<init>(FileInputStream.java:146)
	at net.sf.jasperreports.engine.util.JRLoader.getInputStream(JRLoader.java:324)
	... 21 more
